2022-10-24 23:20:32 0 [Note] InnoDB: Mutexes and rw_locks use Windows interlocked functions
2022-10-24 23:20:32 0 [Note] InnoDB: Uses event mutexes
2022-10-24 23:20:32 0 [Note] InnoDB: Compressed tables use zlib 1.2.11
2022-10-24 23:20:32 0 [Note] InnoDB: Number of pools: 1
2022-10-24 23:20:32 0 [Note] InnoDB: Using SSE2 crc32 instructions
2022-10-24 23:20:32 0 [Note] InnoDB: Initializing buffer pool, total size = 16M, instances = 1, chunk size = 16M
2022-10-24 23:20:32 0 [Note] InnoDB: Completed initialization of buffer pool
2022-10-24 23:20:32 0 [Note] InnoDB: Starting crash recovery from checkpoint LSN=300288
2022-10-24 23:20:33 0 [Note] InnoDB: 128 out of 128 rollback segments are active.
2022-10-24 23:20:33 0 [Note] InnoDB: Removed temporary tablespace data file: "ibtmp1"
2022-10-24 23:20:33 0 [Note] InnoDB: Creating shared tablespace for temporary tables
2022-10-24 23:20:33 0 [Note] InnoDB: Setting file 'C:\xampp\mysql\data\ibtmp1' size to 12 MB. Physically writing the file full; Please wait ...
2022-10-24 23:20:33 0 [Note] InnoDB: File 'C:\xampp\mysql\data\ibtmp1' size is now 12 MB.
2022-10-24 23:20:33 0 [Note] InnoDB: Waiting for purge to start
2022-10-24 23:20:33 0 [Note] InnoDB: 10.4.25 started; log sequence number 300297; transaction id 170
2022-10-24 23:20:33 0 [Note] InnoDB: Loading buffer pool(s) from C:\xampp\mysql\data\ib_buffer_pool
2022-10-24 23:20:33 0 [Note] Plugin 'FEEDBACK' is disabled.
2022-10-24 23:20:33 0 [Note] Server socket created on IP: '::'.
2022-10-24 23:20:33 0 [ERROR] Can't start server: Bind on TCP/IP port. Got error: 10048: Only one usage of each socket address (protocol/network address/port) is normally permitted.

2022-10-24 23:20:33 0 [ERROR] Do you already have another mysqld server running on port: 3306 ?
2022-10-24 23:20:33 0 [ERROR] Aborting
2022-10-24 23:20:38 0 [Note] InnoDB: Mutexes and rw_locks use Windows interlocked functions
2022-10-24 23:20:38 0 [Note] InnoDB: Uses event mutexes
2022-10-24 23:20:38 0 [Note] InnoDB: Compressed tables use zlib 1.2.11
2022-10-24 23:20:38 0 [Note] InnoDB: Number of pools: 1
2022-10-24 23:20:38 0 [Note] InnoDB: Using SSE2 crc32 instructions
2022-10-24 23:20:38 0 [Note] InnoDB: Initializing buffer pool, total size = 16M, instances = 1, chunk size = 16M
2022-10-24 23:20:38 0 [Note] InnoDB: Completed initialization of buffer pool
2022-10-24 23:20:39 0 [Note] InnoDB: 128 out of 128 rollback segments are active.
2022-10-24 23:20:39 0 [Note] InnoDB: Creating shared tablespace for temporary tables
2022-10-24 23:20:39 0 [Note] InnoDB: Setting file 'C:\xampp\mysql\data\ibtmp1' size to 12 MB. Physically writing the file full; Please wait ...
2022-10-24 23:20:39 0 [Note] InnoDB: File 'C:\xampp\mysql\data\ibtmp1' size is now 12 MB.
2022-10-24 23:20:39 0 [Note] InnoDB: Waiting for purge to start
2022-10-24 23:20:39 0 [Note] InnoDB: 10.4.25 started; log sequence number 300306; transaction id 170
2022-10-24 23:20:39 0 [Note] InnoDB: Loading buffer pool(s) from C:\xampp\mysql\data\ib_buffer_pool
2022-10-24 23:20:39 0 [Note] Plugin 'FEEDBACK' is disabled.
2022-10-24 23:20:39 0 [Note] Server socket created on IP: '::'.
2022-10-24 23:20:39 0 [ERROR] Can't start server: Bind on TCP/IP port. Got error: 10048: Only one usage of each socket address (protocol/network address/port) is normally permitted.

2022-10-24 23:20:39 0 [ERROR] Do you already have another mysqld server running on port: 3306 ?
2022-10-24 23:20:39 0 [ERROR] Aborting
2022-10-24 23:20:59 0 [Note] InnoDB: Mutexes and rw_locks use Windows interlocked functions
2022-10-24 23:20:59 0 [Note] InnoDB: Uses event mutexes
2022-10-24 23:20:59 0 [Note] InnoDB: Compressed tables use zlib 1.2.11
2022-10-24 23:20:59 0 [Note] InnoDB: Number of pools: 1
2022-10-24 23:20:59 0 [Note] InnoDB: Using SSE2 crc32 instructions
2022-10-24 23:20:59 0 [Note] InnoDB: Initializing buffer pool, total size = 16M, instances = 1, chunk size = 16M
2022-10-24 23:20:59 0 [Note] InnoDB: Completed initialization of buffer pool
2022-10-24 23:20:59 0 [Note] InnoDB: 128 out of 128 rollback segments are active.
2022-10-24 23:20:59 0 [Note] InnoDB: Creating shared tablespace for temporary tables
2022-10-24 23:20:59 0 [Note] InnoDB: Setting file 'C:\xampp\mysql\data\ibtmp1' size to 12 MB. Physically writing the file full; Please wait ...
2022-10-24 23:20:59 0 [Note] InnoDB: File 'C:\xampp\mysql\data\ibtmp1' size is now 12 MB.
2022-10-24 23:20:59 0 [Note] InnoDB: Waiting for purge to start
2022-10-24 23:20:59 0 [Note] InnoDB: 10.4.25 started; log sequence number 300315; transaction id 170
2022-10-24 23:20:59 0 [Note] InnoDB: Loading buffer pool(s) from C:\xampp\mysql\data\ib_buffer_pool
2022-10-24 23:20:59 0 [Note] Plugin 'FEEDBACK' is disabled.
2022-10-24 23:20:59 0 [Note] Server socket created on IP: '::'.
2022-10-24 23:20:59 0 [ERROR] Can't start server: Bind on TCP/IP port. Got error: 10048: Only one usage of each socket address (protocol/network address/port) is normally permitted.

2022-10-24 23:20:59 0 [ERROR] Do you already have another mysqld server running on port: 3306 ?
2022-10-24 23:20:59 0 [ERROR] Aborting
2022-10-24 23:24:07 0 [Note] InnoDB: Mutexes and rw_locks use Windows interlocked functions
2022-10-24 23:24:07 0 [Note] InnoDB: Uses event mutexes
2022-10-24 23:24:07 0 [Note] InnoDB: Compressed tables use zlib 1.2.11
2022-10-24 23:24:07 0 [Note] InnoDB: Number of pools: 1
2022-10-24 23:24:07 0 [Note] InnoDB: Using SSE2 crc32 instructions
2022-10-24 23:24:07 0 [Note] InnoDB: Initializing buffer pool, total size = 16M, instances = 1, chunk size = 16M
2022-10-24 23:24:07 0 [Note] InnoDB: Completed initialization of buffer pool
2022-10-24 23:24:07 0 [Note] InnoDB: 128 out of 128 rollback segments are active.
2022-10-24 23:24:07 0 [Note] InnoDB: Creating shared tablespace for temporary tables
2022-10-24 23:24:07 0 [Note] InnoDB: Setting file 'C:\xampp\mysql\data\ibtmp1' size to 12 MB. Physically writing the file full; Please wait ...
2022-10-24 23:24:07 0 [Note] InnoDB: File 'C:\xampp\mysql\data\ibtmp1' size is now 12 MB.
2022-10-24 23:24:07 0 [Note] InnoDB: Waiting for purge to start
2022-10-24 23:24:07 0 [Note] InnoDB: 10.4.25 started; log sequence number 300324; transaction id 170
2022-10-24 23:24:07 0 [Note] InnoDB: Loading buffer pool(s) from C:\xampp\mysql\data\ib_buffer_pool
2022-10-24 23:24:07 0 [Note] Plugin 'FEEDBACK' is disabled.
2022-10-24 23:24:07 0 [Note] Server socket created on IP: '::'.
2022-10-24 23:24:07 0 [ERROR] Can't start server: Bind on TCP/IP port. Got error: 10048: Only one usage of each socket address (protocol/network address/port) is normally permitted.

2022-10-24 23:24:07 0 [ERROR] Do you already have another mysqld server running on port: 3306 ?
2022-10-24 23:24:07 0 [ERROR] Aborting
2022-10-24 23:29:53 0 [Note] InnoDB: Mutexes and rw_locks use Windows interlocked functions
2022-10-24 23:29:53 0 [Note] InnoDB: Uses event mutexes
2022-10-24 23:29:53 0 [Note] InnoDB: Compressed tables use zlib 1.2.11
2022-10-24 23:29:53 0 [Note] InnoDB: Number of pools: 1
2022-10-24 23:29:53 0 [Note] InnoDB: Using SSE2 crc32 instructions
2022-10-24 23:29:53 0 [Note] InnoDB: Initializing buffer pool, total size = 16M, instances = 1, chunk size = 16M
2022-10-24 23:29:53 0 [Note] InnoDB: Completed initialization of buffer pool
2022-10-24 23:29:53 0 [Note] InnoDB: 128 out of 128 rollback segments are active.
2022-10-24 23:29:53 0 [Note] InnoDB: Creating shared tablespace for temporary tables
2022-10-24 23:29:53 0 [Note] InnoDB: Setting file 'C:\xampp\mysql\data\ibtmp1' size to 12 MB. Physically writing the file full; Please wait ...
2022-10-24 23:29:53 0 [Note] InnoDB: File 'C:\xampp\mysql\data\ibtmp1' size is now 12 MB.
2022-10-24 23:29:53 0 [Note] InnoDB: Waiting for purge to start
2022-10-24 23:29:53 0 [Note] InnoDB: 10.4.25 started; log sequence number 300333; transaction id 170
2022-10-24 23:29:53 0 [Note] InnoDB: Loading buffer pool(s) from C:\xampp\mysql\data\ib_buffer_pool
2022-10-24 23:29:53 0 [Note] Plugin 'FEEDBACK' is disabled.
2022-10-24 23:29:53 0 [Note] Server socket created on IP: '::'.
2022-10-25  0:35:59 0 [Note] InnoDB: Mutexes and rw_locks use Windows interlocked functions
2022-10-25  0:35:59 0 [Note] InnoDB: Uses event mutexes
2022-10-25  0:35:59 0 [Note] InnoDB: Compressed tables use zlib 1.2.11
2022-10-25  0:35:59 0 [Note] InnoDB: Number of pools: 1
2022-10-25  0:35:59 0 [Note] InnoDB: Using SSE2 crc32 instructions
2022-10-25  0:35:59 0 [Note] InnoDB: Initializing buffer pool, total size = 16M, instances = 1, chunk size = 16M
2022-10-25  0:35:59 0 [Note] InnoDB: Completed initialization of buffer pool
2022-10-25  0:35:59 0 [Note] InnoDB: Starting crash recovery from checkpoint LSN=1033131
2022-10-25  0:35:59 0 [Note] InnoDB: 128 out of 128 rollback segments are active.
2022-10-25  0:35:59 0 [Note] InnoDB: Removed temporary tablespace data file: "ibtmp1"
2022-10-25  0:35:59 0 [Note] InnoDB: Creating shared tablespace for temporary tables
2022-10-25  0:35:59 0 [Note] InnoDB: Setting file 'C:\xampp\mysql\data\ibtmp1' size to 12 MB. Physically writing the file full; Please wait ...
2022-10-25  0:35:59 0 [Note] InnoDB: File 'C:\xampp\mysql\data\ibtmp1' size is now 12 MB.
2022-10-25  0:35:59 0 [Note] InnoDB: Waiting for purge to start
2022-10-25  0:35:59 0 [Note] InnoDB: 10.4.25 started; log sequence number 1033140; transaction id 1135
2022-10-25  0:35:59 0 [Note] InnoDB: Loading buffer pool(s) from C:\xampp\mysql\data\ib_buffer_pool
2022-10-25  0:35:59 0 [Note] Plugin 'FEEDBACK' is disabled.
2022-10-25  0:35:59 0 [Note] Server socket created on IP: '::'.
2022-10-25 11:11:50 0 [Note] InnoDB: Mutexes and rw_locks use Windows interlocked functions
2022-10-25 11:11:50 0 [Note] InnoDB: Uses event mutexes
2022-10-25 11:11:50 0 [Note] InnoDB: Compressed tables use zlib 1.2.11
2022-10-25 11:11:50 0 [Note] InnoDB: Number of pools: 1
2022-10-25 11:11:50 0 [Note] InnoDB: Using SSE2 crc32 instructions
2022-10-25 11:11:50 0 [Note] InnoDB: Initializing buffer pool, total size = 16M, instances = 1, chunk size = 16M
2022-10-25 11:11:50 0 [Note] InnoDB: Completed initialization of buffer pool
2022-10-25 11:11:50 0 [Note] InnoDB: Starting crash recovery from checkpoint LSN=1046741
2022-10-25 11:11:50 0 [Note] InnoDB: 128 out of 128 rollback segments are active.
2022-10-25 11:11:50 0 [Note] InnoDB: Removed temporary tablespace data file: "ibtmp1"
2022-10-25 11:11:50 0 [Note] InnoDB: Creating shared tablespace for temporary tables
2022-10-25 11:11:50 0 [Note] InnoDB: Setting file 'C:\xampp\mysql\data\ibtmp1' size to 12 MB. Physically writing the file full; Please wait ...
2022-10-25 11:11:50 0 [Note] InnoDB: File 'C:\xampp\mysql\data\ibtmp1' size is now 12 MB.
2022-10-25 11:11:50 0 [Note] InnoDB: Waiting for purge to start
2022-10-25 11:11:50 0 [Note] InnoDB: 10.4.25 started; log sequence number 1046750; transaction id 1210
2022-10-25 11:11:50 0 [Note] InnoDB: Loading buffer pool(s) from C:\xampp\mysql\data\ib_buffer_pool
2022-10-25 11:11:50 0 [Note] Plugin 'FEEDBACK' is disabled.
2022-10-25 11:11:50 0 [Note] Server socket created on IP: '::'.
2022-10-25 14:12:50 0 [Note] InnoDB: Mutexes and rw_locks use Windows interlocked functions
2022-10-25 14:12:50 0 [Note] InnoDB: Uses event mutexes
2022-10-25 14:12:50 0 [Note] InnoDB: Compressed tables use zlib 1.2.11
2022-10-25 14:12:50 0 [Note] InnoDB: Number of pools: 1
2022-10-25 14:12:50 0 [Note] InnoDB: Using SSE2 crc32 instructions
2022-10-25 14:12:50 0 [Note] InnoDB: Initializing buffer pool, total size = 16M, instances = 1, chunk size = 16M
2022-10-25 14:12:50 0 [Note] InnoDB: Completed initialization of buffer pool
2022-10-25 14:12:50 0 [Note] InnoDB: Starting crash recovery from checkpoint LSN=1066751
2022-10-25 14:12:50 0 [Note] InnoDB: 128 out of 128 rollback segments are active.
2022-10-25 14:12:50 0 [Note] InnoDB: Removed temporary tablespace data file: "ibtmp1"
2022-10-25 14:12:50 0 [Note] InnoDB: Creating shared tablespace for temporary tables
2022-10-25 14:12:50 0 [Note] InnoDB: Setting file 'C:\xampp\mysql\data\ibtmp1' size to 12 MB. Physically writing the file full; Please wait ...
2022-10-25 14:12:50 0 [Note] InnoDB: File 'C:\xampp\mysql\data\ibtmp1' size is now 12 MB.
2022-10-25 14:12:50 0 [Note] InnoDB: Waiting for purge to start
2022-10-25 14:12:50 0 [Note] InnoDB: 10.4.25 started; log sequence number 1066760; transaction id 1306
2022-10-25 14:12:50 0 [Note] InnoDB: Loading buffer pool(s) from C:\xampp\mysql\data\ib_buffer_pool
2022-10-25 14:12:50 0 [Note] Plugin 'FEEDBACK' is disabled.
2022-10-25 14:12:50 0 [Note] InnoDB: Buffer pool(s) load completed at 221025 14:12:50
2022-10-25 14:12:50 0 [Note] Server socket created on IP: '::'.
2022-10-25 14:14:03 0 [Note] InnoDB: Mutexes and rw_locks use Windows interlocked functions
2022-10-25 14:14:03 0 [Note] InnoDB: Uses event mutexes
2022-10-25 14:14:03 0 [Note] InnoDB: Compressed tables use zlib 1.2.11
2022-10-25 14:14:03 0 [Note] InnoDB: Number of pools: 1
2022-10-25 14:14:03 0 [Note] InnoDB: Using SSE2 crc32 instructions
2022-10-25 14:14:03 0 [Note] InnoDB: Initializing buffer pool, total size = 16M, instances = 1, chunk size = 16M
2022-10-25 14:14:03 0 [Note] InnoDB: Completed initialization of buffer pool
2022-10-25 14:14:03 0 [Note] InnoDB: Starting crash recovery from checkpoint LSN=1066769
2022-10-25 14:14:03 0 [Note] InnoDB: Starting final batch to recover 1 pages from redo log.
2022-10-25 14:14:03 0 [Note] InnoDB: 128 out of 128 rollback segments are active.
2022-10-25 14:14:03 0 [Note] InnoDB: Removed temporary tablespace data file: "ibtmp1"
2022-10-25 14:14:03 0 [Note] InnoDB: Creating shared tablespace for temporary tables
2022-10-25 14:14:03 0 [Note] InnoDB: Setting file 'C:\xampp\mysql\data\ibtmp1' size to 12 MB. Physically writing the file full; Please wait ...
2022-10-25 14:14:03 0 [Note] InnoDB: File 'C:\xampp\mysql\data\ibtmp1' size is now 12 MB.
2022-10-25 14:14:03 0 [Note] InnoDB: Waiting for purge to start
2022-10-25 14:14:04 0 [Note] InnoDB: 10.4.25 started; log sequence number 1067039; transaction id 1337
2022-10-25 14:14:04 0 [Note] InnoDB: Loading buffer pool(s) from C:\xampp\mysql\data\ib_buffer_pool
2022-10-25 14:14:04 0 [Note] Plugin 'FEEDBACK' is disabled.
2022-10-25 14:14:04 0 [Note] Server socket created on IP: '::'.
